2004.06.04 00:19 B C:\Documents and Settings\Phil\My Documents\Visual Studio Projects\Haacked.com\images\100x30_Logo.gif <-- europe /haacked/images 100x30_Logo.gif
2004.06.04 00:19 B C:\Documents and Settings\Phil\My Documents\Visual Studio Projects\Haacked.com\images\about.gif <-- europe /haacked/images about.gif
2004.06.04 00:19 B C:\Documents and Settings\Phil\My Documents\Visual Studio Projects\Haacked.com\images\administration_icon.gif <-- europe /haacked/images administration_icon.gif
2004.06.04 00:19 B C:\Documents and Settings\Phil\My Documents\Visual Studio Projects\Haacked.com\images\agent.JPG <-- europe /haacked/images agent.JPG
2004.06.04 00:19 B C:\Documents and Settings\Phil\My Documents\Visual Studio Projects\Haacked.com\images\AnthonyPappaResolution.jpg <-- europe /haacked/images AnthonyPappaResolution.jpg
2004.06.04 00:19 B C:\Documents and Settings\Phil\My Documents\Visual Studio Projects\Haacked.com\images\bandwidth.gif <-- europe /haacked/images bandwidth.gif
2004.06.04 00:19 B C:\Documents and Settings\Phil\My Documents\Visual Studio Projects\Haacked.com\images\benetton.jpg <-- europe /haacked/images benetton.jpg
2004.06.04 00:19 B C:\Documents and Settings\Phil\My Documents\Visual Studio Projects\Haacked.com\images\booboo.jpg <-- europe /haacked/images booboo.jpg
2004.06.04 00:19 B C:\Documents and Settings\Phil\My Documents\Visual Studio Projects\Haacked.com\images\Bottom.GIF <-- europe /haacked/images Bottom.GIF
2004.06.04 00:19 B C:\Documents and Settings\Phil\My Documents\Visual Studio Projects\Haacked.com\images\burningman.jpg <-- europe /haacked/images burningman.jpg
2004.06.04 00:19 B C:\Documents and Settings\Phil\My Documents\Visual Studio Projects\Haacked.com\images\C64.GIF <-- europe /haacked/images C64.GIF
2004.06.04 00:19 B C:\Documents and Settings\Phil\My Documents\Visual Studio Projects\Haacked.com\images\callout.gif <-- europe /haacked/images callout.gif
2004.06.04 00:19 B C:\Documents and Settings\Phil\My Documents\Visual Studio Projects\Haacked.com\images\Chips.jpg <-- europe /haacked/images Chips.jpg
2004.06.04 00:19 B C:\Documents and Settings\Phil\My Documents\Visual Studio Projects\Haacked.com\images\CodeComplete2.jpg <-- europe /haacked/images CodeComplete2.jpg
2004.06.04 00:19 B C:\Documents and Settings\Phil\My Documents\Visual Studio Projects\Haacked.com\images\Congo.jpg <-- europe /haacked/images Congo.jpg
2004.06.04 00:19 B C:\Documents and Settings\Phil\My Documents\Visual Studio Projects\Haacked.com\images\container.gif <-- europe /haacked/images container.gif
2004.06.04 00:19 B C:\Documents and Settings\Phil\My Documents\Visual Studio Projects\Haacked.com\images\cover_wired_190.jpg <-- europe /haacked/images cover_wired_190.jpg
2004.06.04 00:19 B C:\Documents and Settings\Phil\My Documents\Visual Studio Projects\Haacked.com\images\cursor.jpg <-- europe /haacked/images cursor.jpg
2004.06.04 00:19 B C:\Documents and Settings\Phil\My Documents\Visual Studio Projects\Haacked.com\images\Damage.jpg <-- europe /haacked/images Damage.jpg
2004.06.04 00:19 B C:\Documents and Settings\Phil\My Documents\Visual Studio Projects\Haacked.com\images\dellultrasharp.jpg <-- europe /haacked/images dellultrasharp.jpg
2004.06.04 00:19 B C:\Documents and Settings\Phil\My Documents\Visual Studio Projects\Haacked.com\images\dilbert_plans.gif <-- europe /haacked/images dilbert_plans.gif
2004.06.04 00:19 B C:\Documents and Settings\Phil\My Documents\Visual Studio Projects\Haacked.com\images\Dogging.jpg <-- europe /haacked/images Dogging.jpg
2004.06.04 00:19 B C:\Documents and Settings\Phil\My Documents\Visual Studio Projects\Haacked.com\images\DSC01915.jpg <-- europe /haacked/images DSC01915.jpg
2004.06.04 00:19 B C:\Documents and Settings\Phil\My Documents\Visual Studio Projects\Haacked.com\images\Dubya.jpg <-- europe /haacked/images Dubya.jpg
2004.06.04 00:19 B C:\Documents and Settings\Phil\My Documents\Visual Studio Projects\Haacked.com\images\e.gif <-- europe /haacked/images e.gif
2004.06.04 00:19 B C:\Documents and Settings\Phil\My Documents\Visual Studio Projects\Haacked.com\images\Economist.JPG <-- europe /haacked/images Economist.JPG
2004.06.04 00:19 B C:\Documents and Settings\Phil\My Documents\Visual Studio Projects\Haacked.com\images\enlightenment.gif <-- europe /haacked/images enlightenment.gif
2004.06.04 00:19 B C:\Documents and Settings\Phil\My Documents\Visual Studio Projects\Haacked.com\images\fightclub.jpg <-- europe /haacked/images fightclub.jpg
2004.06.04 00:19 B C:\Documents and Settings\Phil\My Documents\Visual Studio Projects\Haacked.com\images\flamenco.JPG <-- europe /haacked/images flamenco.JPG
2004.06.04 00:19 B C:\Documents and Settings\Phil\My Documents\Visual Studio Projects\Haacked.com\images\Gak.jpg <-- europe /haacked/images Gak.jpg
2004.06.04 00:19 B C:\Documents and Settings\Phil\My Documents\Visual Studio Projects\Haacked.com\images\Google.jpg <-- europe /haacked/images Google.jpg
2004.06.04 00:19 B C:\Documents and Settings\Phil\My Documents\Visual Studio Projects\Haacked.com\images\graffitti.jpg <-- europe /haacked/images graffitti.jpg
2004.06.04 00:19 B C:\Documents and Settings\Phil\My Documents\Visual Studio Projects\Haacked.com\images\Guinness.jpg <-- europe /haacked/images Guinness.jpg
2004.06.04 00:19 B C:\Documents and Settings\Phil\My Documents\Visual Studio Projects\Haacked.com\images\igloo.JPG <-- europe /haacked/images igloo.JPG
2004.06.04 00:19 B C:\Documents and Settings\Phil\My Documents\Visual Studio Projects\Haacked.com\images\ikea.GIF <-- europe /haacked/images ikea.GIF
2004.06.04 00:19 B C:\Documents and Settings\Phil\My Documents\Visual Studio Projects\Haacked.com\images\leaves.JPG <-- europe /haacked/images leaves.JPG
2004.06.04 00:19 B C:\Documents and Settings\Phil\My Documents\Visual Studio Projects\Haacked.com\images\line.GIF <-- europe /haacked/images line.GIF
2004.06.04 00:19 B C:\Documents and Settings\Phil\My Documents\Visual Studio Projects\Haacked.com\images\link.gif <-- europe /haacked/images link.gif
2004.06.04 00:19 B C:\Documents and Settings\Phil\My Documents\Visual Studio Projects\Haacked.com\images\lock.jpg <-- europe /haacked/images lock.jpg
2004.06.04 00:19 B C:\Documents and Settings\Phil\My Documents\Visual Studio Projects\Haacked.com\images\logging.jpg <-- europe /haacked/images logging.jpg
2004.06.04 00:19 B C:\Documents and Settings\Phil\My Documents\Visual Studio Projects\Haacked.com\images\logo.gif <-- europe /haacked/images logo.gif
2004.06.04 00:19 B C:\Documents and Settings\Phil\My Documents\Visual Studio Projects\Haacked.com\images\lottery.jpg <-- europe /haacked/images lottery.jpg
2004.06.04 00:19 B C:\Documents and Settings\Phil\My Documents\Visual Studio Projects\Haacked.com\images\marshmallowman.jpg <-- europe /haacked/images marshmallowman.jpg
2004.06.04 00:19 B C:\Documents and Settings\Phil\My Documents\Visual Studio Projects\Haacked.com\images\MicrosoftResearch.GIF <-- europe /haacked/images MicrosoftResearch.GIF
2004.06.04 00:19 B C:\Documents and Settings\Phil\My Documents\Visual Studio Projects\Haacked.com\images\monkey.jpg <-- europe /haacked/images monkey.jpg
2004.06.04 00:20 B C:\Documents and Settings\Phil\My Documents\Visual Studio Projects\Haacked.com\images\Monkeys2.jpg <-- europe /haacked/images Monkeys2.jpg
2004.06.04 00:20 B C:\Documents and Settings\Phil\My Documents\Visual Studio Projects\Haacked.com\images\Nerd.jpg <-- europe /haacked/images Nerd.jpg
2004.06.04 00:20 B C:\Documents and Settings\Phil\My Documents\Visual Studio Projects\Haacked.com\images\newsgatorscreenshot.JPG <-- europe /haacked/images newsgatorscreenshot.JPG
2004.06.04 00:20 B C:\Documents and Settings\Phil\My Documents\Visual Studio Projects\Haacked.com\images\pig.jpg <-- europe /haacked/images pig.jpg
2004.06.04 00:20 B C:\Documents and Settings\Phil\My Documents\Visual Studio Projects\Haacked.com\images\PlayersHandbook.JPG <-- europe /haacked/images PlayersHandbook.JPG
2004.06.04 00:20 B C:\Documents and Settings\Phil\My Documents\Visual Studio Projects\Haacked.com\images\PoppingBalloons.JPG <-- europe /haacked/images PoppingBalloons.JPG
2004.06.04 00:20 B C:\Documents and Settings\Phil\My Documents\Visual Studio Projects\Haacked.com\images\PoweredByAsp.Net.gif <-- europe /haacked/images PoweredByAsp.Net.gif
2004.06.04 00:20 B C:\Documents and Settings\Phil\My Documents\Visual Studio Projects\Haacked.com\images\RateThisItem.gif <-- europe /haacked/images RateThisItem.gif
2004.06.04 00:20 B C:\Documents and Settings\Phil\My Documents\Visual Studio Projects\Haacked.com\images\rockthevote.jpg <-- europe /haacked/images rockthevote.jpg
2004.06.04 00:20 B C:\Documents and Settings\Phil\My Documents\Visual Studio Projects\Haacked.com\images\RssBanditLogo.jpg <-- europe /haacked/images RssBanditLogo.jpg
2004.06.04 00:20 B C:\Documents and Settings\Phil\My Documents\Visual Studio Projects\Haacked.com\images\sanFran.jpg <-- europe /haacked/images sanFran.jpg
2004.06.04 00:20 B C:\Documents and Settings\Phil\My Documents\Visual Studio Projects\Haacked.com\images\securewebs_button.gif <-- europe /haacked/images securewebs_button.gif
2004.06.04 00:20 B C:\Documents and Settings\Phil\My Documents\Visual Studio Projects\Haacked.com\images\shaolin.jpg <-- europe /haacked/images shaolin.jpg
2004.06.04 00:20 B C:\Documents and Settings\Phil\My Documents\Visual Studio Projects\Haacked.com\images\shock.jpg <-- europe /haacked/images shock.jpg
2004.06.04 00:20 B C:\Documents and Settings\Phil\My Documents\Visual Studio Projects\Haacked.com\images\SideBars.GIF <-- europe /haacked/images SideBars.GIF
2004.06.04 00:20 B C:\Documents and Settings\Phil\My Documents\Visual Studio Projects\Haacked.com\images\SkateboardDog.jpg <-- europe /haacked/images SkateboardDog.jpg
2004.06.04 00:20 B C:\Documents and Settings\Phil\My Documents\Visual Studio Projects\Haacked.com\images\Snowboarding.JPG <-- europe /haacked/images Snowboarding.JPG
2004.06.04 00:20 B C:\Documents and Settings\Phil\My Documents\Visual Studio Projects\Haacked.com\images\soccerball.JPG <-- europe /haacked/images soccerball.JPG
2004.06.04 00:20 B C:\Documents and Settings\Phil\My Documents\Visual Studio Projects\Haacked.com\images\spam.jpg <-- europe /haacked/images spam.jpg
2004.06.04 00:20 B C:\Documents and Settings\Phil\My Documents\Visual Studio Projects\Haacked.com\images\spymaclogo.gif <-- europe /haacked/images spymaclogo.gif
2004.06.04 00:20 B C:\Documents and Settings\Phil\My Documents\Visual Studio Projects\Haacked.com\images\steven_hawking.jpg <-- europe /haacked/images steven_hawking.jpg
2004.06.04 00:20 B C:\Documents and Settings\Phil\My Documents\Visual Studio Projects\Haacked.com\images\TerrorDome.jpg <-- europe /haacked/images TerrorDome.jpg
2004.06.04 00:20 B C:\Documents and Settings\Phil\My Documents\Visual Studio Projects\Haacked.com\images\theonion.JPG <-- europe /haacked/images theonion.JPG
2004.06.04 00:20 B C:\Documents and Settings\Phil\My Documents\Visual Studio Projects\Haacked.com\images\tlp_joystick_front.gif <-- europe /haacked/images tlp_joystick_front.gif
2004.06.04 00:20 B C:\Documents and Settings\Phil\My Documents\Visual Studio Projects\Haacked.com\images\TopBar.GIF <-- europe /haacked/images TopBar.GIF
2004.06.04 00:20 B C:\Documents and Settings\Phil\My Documents\Visual Studio Projects\Haacked.com\images\Trump.jpg <-- europe /haacked/images Trump.jpg
2004.06.04 00:20 B C:\Documents and Settings\Phil\My Documents\Visual Studio Projects\Haacked.com\images\Tweekend.JPG <-- europe /haacked/images Tweekend.JPG
2004.06.04 00:20 B C:\Documents and Settings\Phil\My Documents\Visual Studio Projects\Haacked.com\images\unittests.JPG <-- europe /haacked/images unittests.JPG
2004.06.04 00:20 B C:\Documents and Settings\Phil\My Documents\Visual Studio Projects\Haacked.com\images\UT2004.jpg <-- europe /haacked/images UT2004.jpg
2004.06.04 00:20 B C:\Documents and Settings\Phil\My Documents\Visual Studio Projects\Haacked.com\images\xearth.GIF <-- europe /haacked/images xearth.GIF
2004.06.04 00:20 B C:\Documents and Settings\Phil\My Documents\Visual Studio Projects\Haacked.com\images\xml.gif <-- europe /haacked/images xml.gif
2004.06.04 00:20 B C:\Documents and Settings\Phil\My Documents\Visual Studio Projects\Haacked.com\images\Yogi.jpg <-- europe /haacked/images Yogi.jpg
2004.06.06 15:52 B C:\Documents and Settings\Phil\My Documents\Visual Studio Projects\Haacked\Code\HaackedWebDeploy\Images\100x30_Logo.gif --> ftp.haacked.com /c:/hosting/webhost4life/member/haacked/Images 100x30_Logo.gif
2004.06.06 15:52 B C:\Documents and Settings\Phil\My Documents\Visual Studio Projects\Haacked\Code\HaackedWebDeploy\Images\about.gif --> ftp.haacked.com /c:/hosting/webhost4life/member/haacked/Images about.gif
2004.06.06 15:52 B C:\Documents and Settings\Phil\My Documents\Visual Studio Projects\Haacked\Code\HaackedWebDeploy\Images\administration_icon.gif --> ftp.haacked.com /c:/hosting/webhost4life/member/haacked/Images administration_icon.gif
2004.06.06 15:52 B C:\Documents and Settings\Phil\My Documents\Visual Studio Projects\Haacked\Code\HaackedWebDeploy\Images\agent.JPG --> ftp.haacked.com /c:/hosting/webhost4life/member/haacked/Images agent.JPG
2004.06.06 15:52 B C:\Documents and Settings\Phil\My Documents\Visual Studio Projects\Haacked\Code\HaackedWebDeploy\Images\AnthonyPappaResolution.jpg --> ftp.haacked.com /c:/hosting/webhost4life/member/haacked/Images AnthonyPappaResolution.jpg
2004.06.06 15:53 B C:\Documents and Settings\Phil\My Documents\Visual Studio Projects\Haacked\Code\HaackedWebDeploy\Images\bandwidth.gif --> ftp.haacked.com /c:/hosting/webhost4life/member/haacked/Images bandwidth.gif
2004.06.06 15:53 B C:\Documents and Settings\Phil\My Documents\Visual Studio Projects\Haacked\Code\HaackedWebDeploy\Images\benetton.jpg --> ftp.haacked.com /c:/hosting/webhost4life/member/haacked/Images benetton.jpg
2004.06.06 15:53 B C:\Documents and Settings\Phil\My Documents\Visual Studio Projects\Haacked\Code\HaackedWebDeploy\Images\booboo.jpg --> ftp.haacked.com /c:/hosting/webhost4life/member/haacked/Images booboo.jpg
2004.06.06 15:53 B C:\Documents and Settings\Phil\My Documents\Visual Studio Projects\Haacked\Code\HaackedWebDeploy\Images\Bottom.GIF --> ftp.haacked.com /c:/hosting/webhost4life/member/haacked/Images Bottom.GIF
2004.06.06 15:53 B C:\Documents and Settings\Phil\My Documents\Visual Studio Projects\Haacked\Code\HaackedWebDeploy\Images\burningman.jpg --> ftp.haacked.com /c:/hosting/webhost4life/member/haacked/Images burningman.jpg
2004.06.06 15:53 B C:\Documents and Settings\Phil\My Documents\Visual Studio Projects\Haacked\Code\HaackedWebDeploy\Images\C64.GIF --> ftp.haacked.com /c:/hosting/webhost4life/member/haacked/Images C64.GIF
2004.06.06 15:53 B C:\Documents and Settings\Phil\My Documents\Visual Studio Projects\Haacked\Code\HaackedWebDeploy\Images\callout.gif --> ftp.haacked.com /c:/hosting/webhost4life/member/haacked/Images callout.gif
2004.06.06 15:53 B C:\Documents and Settings\Phil\My Documents\Visual Studio Projects\Haacked\Code\HaackedWebDeploy\Images\Chips.jpg --> ftp.haacked.com /c:/hosting/webhost4life/member/haacked/Images Chips.jpg
2004.06.06 15:53 B C:\Documents and Settings\Phil\My Documents\Visual Studio Projects\Haacked\Code\HaackedWebDeploy\Images\CodeComplete2.jpg --> ftp.haacked.com /c:/hosting/webhost4life/member/haacked/Images CodeComplete2.jpg
2004.06.06 15:53 B C:\Documents and Settings\Phil\My Documents\Visual Studio Projects\Haacked\Code\HaackedWebDeploy\Images\Congo.jpg --> ftp.haacked.com /c:/hosting/webhost4life/member/haacked/Images Congo.jpg
2004.06.06 15:53 B C:\Documents and Settings\Phil\My Documents\Visual Studio Projects\Haacked\Code\HaackedWebDeploy\Images\container.gif --> ftp.haacked.com /c:/hosting/webhost4life/member/haacked/Images container.gif
2004.06.06 15:53 B C:\Documents and Settings\Phil\My Documents\Visual Studio Projects\Haacked\Code\HaackedWebDeploy\Images\cover_wired_190.jpg --> ftp.haacked.com /c:/hosting/webhost4life/member/haacked/Images cover_wired_190.jpg
2004.06.06 15:53 B C:\Documents and Settings\Phil\My Documents\Visual Studio Projects\Haacked\Code\HaackedWebDeploy\Images\cursor.jpg --> ftp.haacked.com /c:/hosting/webhost4life/member/haacked/Images cursor.jpg
2004.06.06 15:53 B C:\Documents and Settings\Phil\My Documents\Visual Studio Projects\Haacked\Code\HaackedWebDeploy\Images\Damage.jpg --> ftp.haacked.com /c:/hosting/webhost4life/member/haacked/Images Damage.jpg
2004.06.06 15:53 B C:\Documents and Settings\Phil\My Documents\Visual Studio Projects\Haacked\Code\HaackedWebDeploy\Images\dellultrasharp.jpg --> ftp.haacked.com /c:/hosting/webhost4life/member/haacked/Images dellultrasharp.jpg
2004.06.06 15:53 B C:\Documents and Settings\Phil\My Documents\Visual Studio Projects\Haacked\Code\HaackedWebDeploy\Images\dilbert_plans.gif --> ftp.haacked.com /c:/hosting/webhost4life/member/haacked/Images dilbert_plans.gif
2004.06.06 15:53 B C:\Documents and Settings\Phil\My Documents\Visual Studio Projects\Haacked\Code\HaackedWebDeploy\Images\Dogging.jpg --> ftp.haacked.com /c:/hosting/webhost4life/member/haacked/Images Dogging.jpg
2004.06.06 15:53 B C:\Documents and Settings\Phil\My Documents\Visual Studio Projects\Haacked\Code\HaackedWebDeploy\Images\DSC01915.jpg --> ftp.haacked.com /c:/hosting/webhost4life/member/haacked/Images DSC01915.jpg
2004.06.06 15:53 B C:\Documents and Settings\Phil\My Documents\Visual Studio Projects\Haacked\Code\HaackedWebDeploy\Images\Dubya.jpg --> ftp.haacked.com /c:/hosting/webhost4life/member/haacked/Images Dubya.jpg
2004.06.06 15:53 B C:\Documents and Settings\Phil\My Documents\Visual Studio Projects\Haacked\Code\HaackedWebDeploy\Images\e.gif --> ftp.haacked.com /c:/hosting/webhost4life/member/haacked/Images e.gif
2004.06.06 15:53 B C:\Documents and Settings\Phil\My Documents\Visual Studio Projects\Haacked\Code\HaackedWebDeploy\Images\Economist.JPG --> ftp.haacked.com /c:/hosting/webhost4life/member/haacked/Images Economist.JPG
2004.06.06 15:53 B C:\Documents and Settings\Phil\My Documents\Visual Studio Projects\Haacked\Code\HaackedWebDeploy\Images\enlightenment.gif --> ftp.haacked.com /c:/hosting/webhost4life/member/haacked/Images enlightenment.gif
2004.06.06 15:53 B C:\Documents and Settings\Phil\My Documents\Visual Studio Projects\Haacked\Code\HaackedWebDeploy\Images\fightclub.jpg --> ftp.haacked.com /c:/hosting/webhost4life/member/haacked/Images fightclub.jpg
2004.06.06 15:53 B C:\Documents and Settings\Phil\My Documents\Visual Studio Projects\Haacked\Code\HaackedWebDeploy\Images\flamenco.JPG --> ftp.haacked.com /c:/hosting/webhost4life/member/haacked/Images flamenco.JPG
2004.06.06 15:53 B C:\Documents and Settings\Phil\My Documents\Visual Studio Projects\Haacked\Code\HaackedWebDeploy\Images\Gak.jpg --> ftp.haacked.com /c:/hosting/webhost4life/member/haacked/Images Gak.jpg
2004.06.06 15:53 B C:\Documents and Settings\Phil\My Documents\Visual Studio Projects\Haacked\Code\HaackedWebDeploy\Images\Google.jpg --> ftp.haacked.com /c:/hosting/webhost4life/member/haacked/Images Google.jpg
2004.06.06 15:53 B C:\Documents and Settings\Phil\My Documents\Visual Studio Projects\Haacked\Code\HaackedWebDeploy\Images\graffitti.jpg --> ftp.haacked.com /c:/hosting/webhost4life/member/haacked/Images graffitti.jpg
2004.06.06 15:53 B C:\Documents and Settings\Phil\My Documents\Visual Studio Projects\Haacked\Code\HaackedWebDeploy\Images\Guinness.jpg --> ftp.haacked.com /c:/hosting/webhost4life/member/haacked/Images Guinness.jpg
2004.06.06 15:53 B C:\Documents and Settings\Phil\My Documents\Visual Studio Projects\Haacked\Code\HaackedWebDeploy\Images\igloo.JPG --> ftp.haacked.com /c:/hosting/webhost4life/member/haacked/Images igloo.JPG
2004.06.06 15:53 B C:\Documents and Settings\Phil\My Documents\Visual Studio Projects\Haacked\Code\HaackedWebDeploy\Images\ikea.GIF --> ftp.haacked.com /c:/hosting/webhost4life/member/haacked/Images ikea.GIF
2004.06.06 15:53 B C:\Documents and Settings\Phil\My Documents\Visual Studio Projects\Haacked\Code\HaackedWebDeploy\Images\leaves.JPG --> ftp.haacked.com /c:/hosting/webhost4life/member/haacked/Images leaves.JPG
2004.06.06 15:53 B C:\Documents and Settings\Phil\My Documents\Visual Studio Projects\Haacked\Code\HaackedWebDeploy\Images\letitride.jpg --> ftp.haacked.com /c:/hosting/webhost4life/member/haacked/Images letitride.jpg
2004.06.06 15:53 B C:\Documents and Settings\Phil\My Documents\Visual Studio Projects\Haacked\Code\HaackedWebDeploy\Images\line.GIF --> ftp.haacked.com /c:/hosting/webhost4life/member/haacked/Images line.GIF
2004.06.06 15:53 B C:\Documents and Settings\Phil\My Documents\Visual Studio Projects\Haacked\Code\HaackedWebDeploy\Images\link.gif --> ftp.haacked.com /c:/hosting/webhost4life/member/haacked/Images link.gif
2004.06.06 15:53 B C:\Documents and Settings\Phil\My Documents\Visual Studio Projects\Haacked\Code\HaackedWebDeploy\Images\lock.jpg --> ftp.haacked.com /c:/hosting/webhost4life/member/haacked/Images lock.jpg
2004.06.06 15:53 B C:\Documents and Settings\Phil\My Documents\Visual Studio Projects\Haacked\Code\HaackedWebDeploy\Images\logging.jpg --> ftp.haacked.com /c:/hosting/webhost4life/member/haacked/Images logging.jpg
2004.06.06 15:53 B C:\Documents and Settings\Phil\My Documents\Visual Studio Projects\Haacked\Code\HaackedWebDeploy\Images\logo.gif --> ftp.haacked.com /c:/hosting/webhost4life/member/haacked/Images logo.gif
2004.06.06 15:53 B C:\Documents and Settings\Phil\My Documents\Visual Studio Projects\Haacked\Code\HaackedWebDeploy\Images\lottery.jpg --> ftp.haacked.com /c:/hosting/webhost4life/member/haacked/Images lottery.jpg
2004.06.06 15:53 B C:\Documents and Settings\Phil\My Documents\Visual Studio Projects\Haacked\Code\HaackedWebDeploy\Images\marshmallowman.jpg --> ftp.haacked.com /c:/hosting/webhost4life/member/haacked/Images marshmallowman.jpg
2004.06.06 15:53 B C:\Documents and Settings\Phil\My Documents\Visual Studio Projects\Haacked\Code\HaackedWebDeploy\Images\MicrosoftResearch.GIF --> ftp.haacked.com /c:/hosting/webhost4life/member/haacked/Images MicrosoftResearch.GIF
2004.06.06 15:53 B C:\Documents and Settings\Phil\My Documents\Visual Studio Projects\Haacked\Code\HaackedWebDeploy\Images\monkey.jpg --> ftp.haacked.com /c:/hosting/webhost4life/member/haacked/Images monkey.jpg
2004.06.06 15:53 B C:\Documents and Settings\Phil\My Documents\Visual Studio Projects\Haacked\Code\HaackedWebDeploy\Images\Monkeys2.jpg --> ftp.haacked.com /c:/hosting/webhost4life/member/haacked/Images Monkeys2.jpg
2004.06.06 15:53 B C:\Documents and Settings\Phil\My Documents\Visual Studio Projects\Haacked\Code\HaackedWebDeploy\Images\Nerd.jpg --> ftp.haacked.com /c:/hosting/webhost4life/member/haacked/Images Nerd.jpg
2004.06.06 15:53 B C:\Documents and Settings\Phil\My Documents\Visual Studio Projects\Haacked\Code\HaackedWebDeploy\Images\newsgatorscreenshot.JPG --> ftp.haacked.com /c:/hosting/webhost4life/member/haacked/Images newsgatorscreenshot.JPG
2004.06.06 15:53 B C:\Documents and Settings\Phil\My Documents\Visual Studio Projects\Haacked\Code\HaackedWebDeploy\Images\pig.jpg --> ftp.haacked.com /c:/hosting/webhost4life/member/haacked/Images pig.jpg
2004.06.06 15:53 B C:\Documents and Settings\Phil\My Documents\Visual Studio Projects\Haacked\Code\HaackedWebDeploy\Images\pixel.gif --> ftp.haacked.com /c:/hosting/webhost4life/member/haacked/Images pixel.gif
2004.06.06 15:53 B C:\Documents and Settings\Phil\My Documents\Visual Studio Projects\Haacked\Code\HaackedWebDeploy\Images\PlayersHandbook.JPG --> ftp.haacked.com /c:/hosting/webhost4life/member/haacked/Images PlayersHandbook.JPG
2004.06.06 15:53 B C:\Documents and Settings\Phil\My Documents\Visual Studio Projects\Haacked\Code\HaackedWebDeploy\Images\PoppingBalloons.JPG --> ftp.haacked.com /c:/hosting/webhost4life/member/haacked/Images PoppingBalloons.JPG
2004.06.06 15:53 B C:\Documents and Settings\Phil\My Documents\Visual Studio Projects\Haacked\Code\HaackedWebDeploy\Images\PoweredByAsp.Net.gif --> ftp.haacked.com /c:/hosting/webhost4life/member/haacked/Images PoweredByAsp.Net.gif
2004.06.06 15:53 B C:\Documents and Settings\Phil\My Documents\Visual Studio Projects\Haacked\Code\HaackedWebDeploy\Images\RateThisItem.gif --> ftp.haacked.com /c:/hosting/webhost4life/member/haacked/Images RateThisItem.gif
2004.06.06 15:53 B C:\Documents and Settings\Phil\My Documents\Visual Studio Projects\Haacked\Code\HaackedWebDeploy\Images\retail_slurs.jpg --> ftp.haacked.com /c:/hosting/webhost4life/member/haacked/Images retail_slurs.jpg
2004.06.06 15:53 B C:\Documents and Settings\Phil\My Documents\Visual Studio Projects\Haacked\Code\HaackedWebDeploy\Images\river.jpg --> ftp.haacked.com /c:/hosting/webhost4life/member/haacked/Images river.jpg
2004.06.06 15:53 B C:\Documents and Settings\Phil\My Documents\Visual Studio Projects\Haacked\Code\HaackedWebDeploy\Images\rockthevote.jpg --> ftp.haacked.com /c:/hosting/webhost4life/member/haacked/Images rockthevote.jpg
2004.06.06 15:53 B C:\Documents and Settings\Phil\My Documents\Visual Studio Projects\Haacked\Code\HaackedWebDeploy\Images\RssBanditLogo.jpg --> ftp.haacked.com /c:/hosting/webhost4life/member/haacked/Images RssBanditLogo.jpg
2004.06.06 15:53 B C:\Documents and Settings\Phil\My Documents\Visual Studio Projects\Haacked\Code\HaackedWebDeploy\Images\sanFran.jpg --> ftp.haacked.com /c:/hosting/webhost4life/member/haacked/Images sanFran.jpg
2004.06.06 15:53 B C:\Documents and Settings\Phil\My Documents\Visual Studio Projects\Haacked\Code\HaackedWebDeploy\Images\securewebs_button.gif --> ftp.haacked.com /c:/hosting/webhost4life/member/haacked/Images securewebs_button.gif
2004.06.06 15:53 B C:\Documents and Settings\Phil\My Documents\Visual Studio Projects\Haacked\Code\HaackedWebDeploy\Images\shaolin.jpg --> ftp.haacked.com /c:/hosting/webhost4life/member/haacked/Images shaolin.jpg
2004.06.06 15:53 B C:\Documents and Settings\Phil\My Documents\Visual Studio Projects\Haacked\Code\HaackedWebDeploy\Images\shock.jpg --> ftp.haacked.com /c:/hosting/webhost4life/member/haacked/Images shock.jpg
2004.06.06 15:53 B C:\Documents and Settings\Phil\My Documents\Visual Studio Projects\Haacked\Code\HaackedWebDeploy\Images\SideBars.GIF --> ftp.haacked.com /c:/hosting/webhost4life/member/haacked/Images SideBars.GIF
2004.06.06 15:53 B C:\Documents and Settings\Phil\My Documents\Visual Studio Projects\Haacked\Code\HaackedWebDeploy\Images\SkateboardDog.jpg --> ftp.haacked.com /c:/hosting/webhost4life/member/haacked/Images SkateboardDog.jpg
2004.06.06 15:53 B C:\Documents and Settings\Phil\My Documents\Visual Studio Projects\Haacked\Code\HaackedWebDeploy\Images\Snowboarding.JPG --> ftp.haacked.com /c:/hosting/webhost4life/member/haacked/Images Snowboarding.JPG
2004.06.06 15:53 B C:\Documents and Settings\Phil\My Documents\Visual Studio Projects\Haacked\Code\HaackedWebDeploy\Images\soccerball.JPG --> ftp.haacked.com /c:/hosting/webhost4life/member/haacked/Images soccerball.JPG
2004.06.06 15:53 B C:\Documents and Settings\Phil\My Documents\Visual Studio Projects\Haacked\Code\HaackedWebDeploy\Images\spam.jpg --> ftp.haacked.com /c:/hosting/webhost4life/member/haacked/Images spam.jpg
2004.06.06 15:53 B C:\Documents and Settings\Phil\My Documents\Visual Studio Projects\Haacked\Code\HaackedWebDeploy\Images\spymaclogo.gif --> ftp.haacked.com /c:/hosting/webhost4life/member/haacked/Images spymaclogo.gif
2004.06.06 15:53 B C:\Documents and Settings\Phil\My Documents\Visual Studio Projects\Haacked\Code\HaackedWebDeploy\Images\steven_hawking.jpg --> ftp.haacked.com /c:/hosting/webhost4life/member/haacked/Images steven_hawking.jpg
2004.06.06 15:53 B C:\Documents and Settings\Phil\My Documents\Visual Studio Projects\Haacked\Code\HaackedWebDeploy\Images\SunRing.JPG --> ftp.haacked.com /c:/hosting/webhost4life/member/haacked/Images SunRing.JPG
2004.06.06 15:53 B C:\Documents and Settings\Phil\My Documents\Visual Studio Projects\Haacked\Code\HaackedWebDeploy\Images\TerrorDome.jpg --> ftp.haacked.com /c:/hosting/webhost4life/member/haacked/Images TerrorDome.jpg
2004.06.06 15:53 B C:\Documents and Settings\Phil\My Documents\Visual Studio Projects\Haacked\Code\HaackedWebDeploy\Images\theonion.JPG --> ftp.haacked.com /c:/hosting/webhost4life/member/haacked/Images theonion.JPG
2004.06.06 15:53 B C:\Documents and Settings\Phil\My Documents\Visual Studio Projects\Haacked\Code\HaackedWebDeploy\Images\tlp_joystick_front.gif --> ftp.haacked.com /c:/hosting/webhost4life/member/haacked/Images tlp_joystick_front.gif
2004.06.06 15:53 B C:\Documents and Settings\Phil\My Documents\Visual Studio Projects\Haacked\Code\HaackedWebDeploy\Images\TopBar.GIF --> ftp.haacked.com /c:/hosting/webhost4life/member/haacked/Images TopBar.GIF
2004.06.06 15:53 B C:\Documents and Settings\Phil\My Documents\Visual Studio Projects\Haacked\Code\HaackedWebDeploy\Images\Trump.jpg --> ftp.haacked.com /c:/hosting/webhost4life/member/haacked/Images Trump.jpg
2004.06.06 15:53 B C:\Documents and Settings\Phil\My Documents\Visual Studio Projects\Haacked\Code\HaackedWebDeploy\Images\Tweekend.JPG --> ftp.haacked.com /c:/hosting/webhost4life/member/haacked/Images Tweekend.JPG
2004.06.06 15:53 B C:\Documents and Settings\Phil\My Documents\Visual Studio Projects\Haacked\Code\HaackedWebDeploy\Images\unittests.JPG --> ftp.haacked.com /c:/hosting/webhost4life/member/haacked/Images unittests.JPG
2004.06.06 15:53 B C:\Documents and Settings\Phil\My Documents\Visual Studio Projects\Haacked\Code\HaackedWebDeploy\Images\UT2004.jpg --> ftp.haacked.com /c:/hosting/webhost4life/member/haacked/Images UT2004.jpg
